3.2179 	WARNING 	We strongly recommend you activate the PTB sound engine in PsychoPy prefs as the preferred audio engine. Its timing is vastly superior. Your prefs are currently set to use ['sounddevice', 'PTB', 'pyo', 'pygame'] (in that order).
15.7143 	WARNING 	User requested fullscreen with size [1024  768], but screen is actually [1366, 768]. Using actual size
17.6527 	EXP 	Created window1 = Window(allowGUI=True, allowStencil=False, autoLog=True, backendConf=UNKNOWN, bitsMode=UNKNOWN, blendMode='avg', bpc=(8, 8, 8), color=array([0, 0, 0]), colorSpace='rgb', depthBits=8, fullscr=<method-wrapper '__getattribute__' of attributeSetter object at 0x0000026E0280AD60>, gamma=None, gammaErrorPolicy='raise', lms=UNKNOWN, monitor=<psychopy.monitors.calibTools.Monitor object at 0x0000026E071953D0>, multiSample=False, name='window1', numSamples=2, pos=(0, 0), screen=0, size=array([1366,  768]), stencilBits=0, stereo=False, units='height', useFBO=True, useRetina=False, viewOri=0.0, viewPos=None, viewScale=None, waitBlanking=True, winType='pyglet')
17.6530 	EXP 	window1: mouseVisible = True
17.6541 	EXP 	window1: mouseVisible = False
17.6542 	EXP 	window1: Attempting to measure frame rate of screen (0) ...
17.6542 	EXP 	window1: recordFrameIntervals = False
17.8181 	EXP 	window1: recordFrameIntervals = True
18.0020 	EXP 	Screen (0) actual frame rate measured at 59.97Hz
18.0020 	EXP 	window1: recordFrameIntervals = False
20.7307 	EXP 	Created Fixation = ShapeStim(__class__=<class 'psychopy.visual.shape.ShapeStim'>, anchor=('center', 'center'), autoDraw=False, autoLog=True, closeShape=True, color=method-wrapper(...), colorSpace='rgb', contrast=None, depth=0.0, fillColor=array([1, 1, 1]), fillColorSpace='rgb', fillRGB=array([1, 1, 1]), interpolate=True, lineColor=array([1., 1., 1.]), lineColorSpace='rgb', lineRGB=array([1, 1, 1]), lineWidth=1.0, name='Fixation', opacity=1.0, ori=0.0, pos=array([0., 0.]), size=array([10., 10.]), units='pix', vertices=ndarray(...), win=Window(...), windingRule=None)
20.7560 	EXP 	Created grating = GratingStim(__class__=<class 'psychopy.visual.grating.GratingStim'>, anchor='center', autoDraw=False, autoLog=True, blendmode='avg', color=array([0.3, 0.3, 0.3]), colorSpace='rgb', contrast=0.3, depth=-1.0, interpolate=True, mask='gauss', maskParams=None, name='grating', opacity=1.0, ori=1.0, phase=array([0., 0.]), pos=array([0., 0.]), rgbPedestal=array([0., 0., 0.]), sf=array([5., 5.]), size=array([0.2, 0.2]), tex='sin', texRes=128.0, units='height', win=Window(...))
20.7604 	EXP 	Created sequence: random, trialTypes=1, nReps=100, seed=None
20.7613 	EXP 	New trial (rep=0, index=0): None
20.7770 	EXP 	grating: ori = 2.0
20.7770 	EXP 	Fixation: autoDraw = True
21.7992 	EXP 	grating: autoDraw = True
21.7992 	EXP 	grating: tex = 'sin'
21.8025 	EXP 	Fixation: autoDraw = False
22.1012 	EXP 	grating: autoDraw = False
22.7396 	EXP 	New trial (rep=1, index=0): None
22.7431 	DATA 	Keypress: down
22.7511 	EXP 	Fixation: autoDraw = False
22.7511 	EXP 	grating: autoDraw = False
22.7511 	EXP 	grating: ori = 0.0
22.7511 	EXP 	Fixation: autoDraw = True
23.7512 	EXP 	Fixation: autoDraw = False
23.7512 	EXP 	grating: autoDraw = True
24.0510 	EXP 	grating: autoDraw = False
25.5219 	EXP 	New trial (rep=2, index=0): None
25.5238 	DATA 	Keypress: up
25.5343 	EXP 	Fixation: autoDraw = False
25.5343 	EXP 	grating: autoDraw = False
25.5343 	EXP 	grating: ori = 0.0
25.5343 	EXP 	Fixation: autoDraw = True
26.5344 	EXP 	Fixation: autoDraw = False
26.5344 	EXP 	grating: autoDraw = True
26.8346 	EXP 	grating: autoDraw = False
27.8553 	EXP 	New trial (rep=3, index=0): None
27.8614 	DATA 	Keypress: down
27.8675 	EXP 	Fixation: autoDraw = False
27.8675 	EXP 	grating: autoDraw = False
27.8675 	EXP 	grating: ori = 0.0
27.8675 	EXP 	Fixation: autoDraw = True
28.8679 	EXP 	Fixation: autoDraw = False
28.8679 	EXP 	grating: autoDraw = True
29.1676 	EXP 	grating: autoDraw = False
30.0046 	EXP 	New trial (rep=4, index=0): None
30.0066 	DATA 	Keypress: up
30.0176 	EXP 	Fixation: autoDraw = False
30.0176 	EXP 	grating: autoDraw = False
30.0176 	EXP 	grating: ori = 0.0
30.0176 	EXP 	Fixation: autoDraw = True
31.0176 	EXP 	Fixation: autoDraw = False
31.0176 	EXP 	grating: autoDraw = True
31.3174 	EXP 	grating: autoDraw = False
32.7374 	EXP 	New trial (rep=5, index=0): None
32.7389 	DATA 	Keypress: down
32.7508 	EXP 	Fixation: autoDraw = False
32.7508 	EXP 	grating: autoDraw = False
32.7508 	EXP 	grating: ori = 0.0
32.7508 	EXP 	Fixation: autoDraw = True
33.7508 	EXP 	Fixation: autoDraw = False
33.7508 	EXP 	grating: autoDraw = True
34.0506 	EXP 	grating: autoDraw = False
34.9198 	EXP 	New trial (rep=6, index=0): None
34.9231 	DATA 	Keypress: down
34.9337 	EXP 	Fixation: autoDraw = False
34.9337 	EXP 	grating: autoDraw = False
34.9337 	EXP 	grating: ori = 3.0
34.9337 	EXP 	Fixation: autoDraw = True
35.9339 	EXP 	Fixation: autoDraw = False
35.9339 	EXP 	grating: autoDraw = True
36.2339 	EXP 	grating: autoDraw = False
37.0550 	EXP 	New trial (rep=7, index=0): None
37.0574 	DATA 	Keypress: down
37.0673 	EXP 	Fixation: autoDraw = False
37.0673 	EXP 	grating: autoDraw = False
37.0673 	EXP 	grating: ori = -5.0
37.0673 	EXP 	Fixation: autoDraw = True
38.0672 	EXP 	Fixation: autoDraw = False
38.0672 	EXP 	grating: autoDraw = True
38.3672 	EXP 	grating: autoDraw = False
39.7042 	EXP 	New trial (rep=8, index=0): None
39.7059 	DATA 	Keypress: down
39.7170 	EXP 	Fixation: autoDraw = False
39.7170 	EXP 	grating: autoDraw = False
39.7170 	EXP 	grating: ori = 0.0
39.7170 	EXP 	Fixation: autoDraw = True
40.7172 	EXP 	Fixation: autoDraw = False
40.7172 	EXP 	grating: autoDraw = True
41.0171 	EXP 	grating: autoDraw = False
41.6542 	EXP 	New trial (rep=9, index=0): None
41.6565 	DATA 	Keypress: up
41.6671 	EXP 	Fixation: autoDraw = False
41.6671 	EXP 	grating: autoDraw = False
41.6671 	EXP 	grating: ori = 0.0
41.6671 	EXP 	Fixation: autoDraw = True
42.6671 	EXP 	Fixation: autoDraw = False
42.6671 	EXP 	grating: autoDraw = True
42.9670 	EXP 	grating: autoDraw = False
43.7381 	EXP 	New trial (rep=10, index=0): None
43.7406 	DATA 	Keypress: down
43.7503 	EXP 	Fixation: autoDraw = False
43.7503 	EXP 	grating: autoDraw = False
43.7503 	EXP 	grating: ori = -2.0
43.7503 	EXP 	Fixation: autoDraw = True
44.7504 	EXP 	Fixation: autoDraw = False
44.7504 	EXP 	grating: autoDraw = True
45.0503 	EXP 	grating: autoDraw = False
46.0038 	EXP 	New trial (rep=11, index=0): None
46.0058 	DATA 	Keypress: down
46.0169 	EXP 	Fixation: autoDraw = False
46.0169 	EXP 	grating: autoDraw = False
46.0169 	EXP 	grating: ori = 0.0
46.0169 	EXP 	Fixation: autoDraw = True
47.0170 	EXP 	Fixation: autoDraw = False
47.0170 	EXP 	grating: autoDraw = True
47.3170 	EXP 	grating: autoDraw = False
48.2542 	EXP 	New trial (rep=12, index=0): None
48.2562 	DATA 	Keypress: down
48.2668 	EXP 	Fixation: autoDraw = False
48.2668 	EXP 	grating: autoDraw = False
48.2668 	EXP 	grating: ori = 0.0
48.2668 	EXP 	Fixation: autoDraw = True
49.2668 	EXP 	Fixation: autoDraw = False
49.2668 	EXP 	grating: autoDraw = True
49.5667 	EXP 	grating: autoDraw = False
50.0875 	EXP 	New trial (rep=13, index=0): None
50.0893 	DATA 	Keypress: up
50.1001 	EXP 	Fixation: autoDraw = False
50.1001 	EXP 	grating: autoDraw = False
50.1001 	EXP 	grating: ori = 0.0
50.1001 	EXP 	Fixation: autoDraw = True
51.1002 	EXP 	Fixation: autoDraw = False
51.1002 	EXP 	grating: autoDraw = True
51.4000 	EXP 	grating: autoDraw = False
52.2046 	EXP 	New trial (rep=14, index=0): None
52.2071 	DATA 	Keypress: down
52.2167 	EXP 	Fixation: autoDraw = False
52.2167 	EXP 	grating: autoDraw = False
52.2167 	EXP 	grating: ori = -3.0
52.2167 	EXP 	Fixation: autoDraw = True
53.2167 	EXP 	Fixation: autoDraw = False
53.2167 	EXP 	grating: autoDraw = True
53.5166 	EXP 	grating: autoDraw = False
54.1857 	DATA 	Keypress: down
54.2043 	EXP 	New trial (rep=15, index=0): None
54.2166 	EXP 	Fixation: autoDraw = False
54.2166 	EXP 	grating: autoDraw = False
54.2166 	EXP 	grating: ori = 0.0
54.2166 	EXP 	Fixation: autoDraw = True
55.2167 	EXP 	Fixation: autoDraw = False
55.2167 	EXP 	grating: autoDraw = True
55.5166 	EXP 	grating: autoDraw = False
56.4204 	EXP 	New trial (rep=16, index=0): None
56.4224 	DATA 	Keypress: down
56.4332 	EXP 	Fixation: autoDraw = False
56.4332 	EXP 	grating: autoDraw = False
56.4332 	EXP 	grating: ori = -5.0
56.4332 	EXP 	Fixation: autoDraw = True
57.4332 	EXP 	Fixation: autoDraw = False
57.4332 	EXP 	grating: autoDraw = True
57.7331 	EXP 	grating: autoDraw = False
58.3210 	EXP 	New trial (rep=17, index=0): None
58.3234 	DATA 	Keypress: down
58.3333 	EXP 	Fixation: autoDraw = False
58.3333 	EXP 	grating: autoDraw = False
58.3333 	EXP 	grating: ori = 1.0
58.3333 	EXP 	Fixation: autoDraw = True
59.3332 	EXP 	Fixation: autoDraw = False
59.3332 	EXP 	grating: autoDraw = True
59.6331 	EXP 	grating: autoDraw = False
60.5370 	EXP 	New trial (rep=18, index=0): None
60.5391 	DATA 	Keypress: up
60.5496 	EXP 	Fixation: autoDraw = False
60.5496 	EXP 	grating: autoDraw = False
60.5496 	EXP 	grating: ori = 0.0
60.5496 	EXP 	Fixation: autoDraw = True
61.5501 	EXP 	Fixation: autoDraw = False
61.5501 	EXP 	grating: autoDraw = True
61.8497 	EXP 	grating: autoDraw = False
62.5367 	EXP 	New trial (rep=19, index=0): None
62.5384 	DATA 	Keypress: down
62.5495 	EXP 	Fixation: autoDraw = False
62.5495 	EXP 	grating: autoDraw = False
62.5495 	EXP 	grating: ori = 3.0
62.5495 	EXP 	Fixation: autoDraw = True
62.6353 	DATA 	Keypress: down
63.5498 	EXP 	Fixation: autoDraw = False
63.5498 	EXP 	grating: autoDraw = True
63.8496 	EXP 	grating: autoDraw = False
64.3365 	EXP 	New trial (rep=20, index=0): None
64.3385 	DATA 	Keypress: down
64.3496 	EXP 	Fixation: autoDraw = False
64.3496 	EXP 	grating: autoDraw = False
64.3496 	EXP 	grating: ori = 0.0
64.3496 	EXP 	Fixation: autoDraw = True
65.3495 	EXP 	Fixation: autoDraw = False
65.3495 	EXP 	grating: autoDraw = True
65.6496 	EXP 	grating: autoDraw = False
66.2535 	EXP 	New trial (rep=21, index=0): None
66.2555 	DATA 	Keypress: down
66.2661 	EXP 	Fixation: autoDraw = False
66.2661 	EXP 	grating: autoDraw = False
66.2661 	EXP 	grating: ori = -2.0
66.2661 	EXP 	Fixation: autoDraw = True
67.2664 	EXP 	Fixation: autoDraw = False
67.2664 	EXP 	grating: autoDraw = True
67.5661 	EXP 	grating: autoDraw = False
68.3031 	EXP 	New trial (rep=22, index=0): None
68.3051 	DATA 	Keypress: down
68.3162 	EXP 	Fixation: autoDraw = False
68.3162 	EXP 	grating: autoDraw = False
68.3162 	EXP 	grating: ori = 0.0
68.3162 	EXP 	Fixation: autoDraw = True
69.3162 	EXP 	Fixation: autoDraw = False
69.3162 	EXP 	grating: autoDraw = True
69.6160 	EXP 	grating: autoDraw = False
70.0190 	EXP 	New trial (rep=23, index=0): None
70.0209 	DATA 	Keypress: up
70.0327 	EXP 	Fixation: autoDraw = False
70.0327 	EXP 	grating: autoDraw = False
70.0327 	EXP 	grating: ori = -2.0
70.0327 	EXP 	Fixation: autoDraw = True
71.0327 	EXP 	Fixation: autoDraw = False
71.0327 	EXP 	grating: autoDraw = True
71.3327 	EXP 	grating: autoDraw = False
71.7019 	DATA 	Keypress: down
71.7197 	EXP 	New trial (rep=24, index=0): None
71.7326 	EXP 	Fixation: autoDraw = False
71.7326 	EXP 	grating: autoDraw = False
71.7326 	EXP 	grating: ori = -4.0
71.7326 	EXP 	Fixation: autoDraw = True
72.7326 	EXP 	Fixation: autoDraw = False
72.7326 	EXP 	grating: autoDraw = True
73.0326 	EXP 	grating: autoDraw = False
73.4531 	EXP 	New trial (rep=25, index=0): None
73.4552 	DATA 	Keypress: down
73.4659 	EXP 	Fixation: autoDraw = False
73.4659 	EXP 	grating: autoDraw = False
73.4659 	EXP 	grating: ori = 0.0
73.4659 	EXP 	Fixation: autoDraw = True
74.4660 	EXP 	Fixation: autoDraw = False
74.4660 	EXP 	grating: autoDraw = True
74.7659 	EXP 	grating: autoDraw = False
75.3361 	EXP 	New trial (rep=26, index=0): None
75.3385 	DATA 	Keypress: up
75.3492 	EXP 	Fixation: autoDraw = False
75.3492 	EXP 	grating: autoDraw = False
75.3492 	EXP 	grating: ori = 0.0
75.3492 	EXP 	Fixation: autoDraw = True
76.3492 	EXP 	Fixation: autoDraw = False
76.3492 	EXP 	grating: autoDraw = True
76.6491 	EXP 	grating: autoDraw = False
76.9867 	EXP 	New trial (rep=27, index=0): None
76.9886 	DATA 	Keypress: down
76.9993 	EXP 	Fixation: autoDraw = False
76.9993 	EXP 	grating: autoDraw = False
76.9993 	EXP 	grating: ori = 0.0
76.9993 	EXP 	Fixation: autoDraw = True
77.3022 	DATA 	Keypress: down
77.9991 	EXP 	Fixation: autoDraw = False
77.9991 	EXP 	grating: autoDraw = True
78.2992 	EXP 	grating: autoDraw = False
79.0191 	EXP 	New trial (rep=28, index=0): None
79.0207 	DATA 	Keypress: up
79.0323 	EXP 	Fixation: autoDraw = False
79.0323 	EXP 	grating: autoDraw = False
79.0323 	EXP 	grating: ori = 0.0
79.0323 	EXP 	Fixation: autoDraw = True
80.0324 	EXP 	Fixation: autoDraw = False
80.0324 	EXP 	grating: autoDraw = True
80.3323 	EXP 	grating: autoDraw = False
80.7527 	EXP 	New trial (rep=29, index=0): None
80.7545 	DATA 	Keypress: up
80.7657 	EXP 	Fixation: autoDraw = False
80.7657 	EXP 	grating: autoDraw = False
80.7657 	EXP 	grating: ori = 0.0
80.7657 	EXP 	Fixation: autoDraw = True
81.7656 	EXP 	Fixation: autoDraw = False
81.7656 	EXP 	grating: autoDraw = True
82.0656 	EXP 	grating: autoDraw = False
82.7695 	EXP 	New trial (rep=30, index=0): None
82.7715 	DATA 	Keypress: up
82.7823 	EXP 	Fixation: autoDraw = False
82.7823 	EXP 	grating: autoDraw = False
82.7823 	EXP 	grating: ori = 3.0
82.7823 	EXP 	Fixation: autoDraw = True
83.7822 	EXP 	Fixation: autoDraw = False
83.7822 	EXP 	grating: autoDraw = True
84.0822 	EXP 	grating: autoDraw = False
84.8026 	EXP 	New trial (rep=31, index=0): None
84.8046 	DATA 	Keypress: down
84.8154 	EXP 	Fixation: autoDraw = False
84.8154 	EXP 	grating: autoDraw = False
84.8154 	EXP 	grating: ori = 0.0
84.8154 	EXP 	Fixation: autoDraw = True
85.8156 	EXP 	Fixation: autoDraw = False
85.8156 	EXP 	grating: autoDraw = True
86.1155 	EXP 	grating: autoDraw = False
86.7692 	EXP 	New trial (rep=32, index=0): None
86.7716 	DATA 	Keypress: down
86.7822 	EXP 	Fixation: autoDraw = False
86.7822 	EXP 	grating: autoDraw = False
86.7822 	EXP 	grating: ori = 0.0
86.7822 	EXP 	Fixation: autoDraw = True
87.7822 	EXP 	Fixation: autoDraw = False
87.7822 	EXP 	grating: autoDraw = True
88.0820 	EXP 	grating: autoDraw = False
88.6857 	EXP 	New trial (rep=33, index=0): None
88.6880 	DATA 	Keypress: up
88.6986 	EXP 	Fixation: autoDraw = False
88.6986 	EXP 	grating: autoDraw = False
88.6986 	EXP 	grating: ori = 2.0
88.6986 	EXP 	Fixation: autoDraw = True
89.6986 	EXP 	Fixation: autoDraw = False
89.6986 	EXP 	grating: autoDraw = True
89.9986 	EXP 	grating: autoDraw = False
90.4529 	EXP 	New trial (rep=34, index=0): None
90.4554 	DATA 	Keypress: up
90.4654 	EXP 	Fixation: autoDraw = False
90.4654 	EXP 	grating: autoDraw = False
90.4654 	EXP 	grating: ori = 0.0
90.4654 	EXP 	Fixation: autoDraw = True
91.4653 	EXP 	Fixation: autoDraw = False
91.4653 	EXP 	grating: autoDraw = True
91.7652 	EXP 	grating: autoDraw = False
92.2690 	EXP 	New trial (rep=35, index=0): None
92.2709 	DATA 	Keypress: up
92.2819 	EXP 	Fixation: autoDraw = False
92.2819 	EXP 	grating: autoDraw = False
92.2819 	EXP 	grating: ori = 4.0
92.2819 	EXP 	Fixation: autoDraw = True
93.2821 	EXP 	Fixation: autoDraw = False
93.2821 	EXP 	grating: autoDraw = True
93.5818 	EXP 	grating: autoDraw = False
94.1857 	EXP 	New trial (rep=36, index=0): None
94.1881 	DATA 	Keypress: down
94.1985 	EXP 	Fixation: autoDraw = False
94.1985 	EXP 	grating: autoDraw = False
94.1985 	EXP 	grating: ori = -3.0
94.1985 	EXP 	Fixation: autoDraw = True
95.1985 	EXP 	Fixation: autoDraw = False
95.1985 	EXP 	grating: autoDraw = True
95.4985 	EXP 	grating: autoDraw = False
96.0357 	EXP 	New trial (rep=37, index=0): None
96.0380 	DATA 	Keypress: down
96.0485 	EXP 	Fixation: autoDraw = False
96.0485 	EXP 	grating: autoDraw = False
96.0485 	EXP 	grating: ori = 0.0
96.0485 	EXP 	Fixation: autoDraw = True
97.0484 	EXP 	Fixation: autoDraw = False
97.0484 	EXP 	grating: autoDraw = True
97.3484 	EXP 	grating: autoDraw = False
98.0366 	EXP 	New trial (rep=38, index=0): None
98.0390 	DATA 	Keypress: up
98.0483 	EXP 	Fixation: autoDraw = False
98.0483 	EXP 	grating: autoDraw = False
98.0483 	EXP 	grating: ori = -2.0
98.0483 	EXP 	Fixation: autoDraw = True
99.0482 	EXP 	Fixation: autoDraw = False
99.0482 	EXP 	grating: autoDraw = True
99.3482 	EXP 	grating: autoDraw = False
99.8020 	EXP 	New trial (rep=39, index=0): None
99.8056 	DATA 	Keypress: down
99.8150 	EXP 	Fixation: autoDraw = False
99.8150 	EXP 	grating: autoDraw = False
99.8150 	EXP 	grating: ori = 0.0
99.8150 	EXP 	Fixation: autoDraw = True
100.8149 	EXP 	Fixation: autoDraw = False
100.8149 	EXP 	grating: autoDraw = True
101.1149 	EXP 	grating: autoDraw = False
101.6506 	DATA 	Keypress: up
101.6686 	EXP 	New trial (rep=40, index=0): None
101.6814 	EXP 	Fixation: autoDraw = False
101.6814 	EXP 	grating: autoDraw = False
101.6814 	EXP 	grating: ori = -3.0
101.6814 	EXP 	Fixation: autoDraw = True
102.6814 	EXP 	Fixation: autoDraw = False
102.6814 	EXP 	grating: autoDraw = True
102.9814 	EXP 	grating: autoDraw = False
103.2506 	DATA 	Keypress: down
103.2687 	EXP 	New trial (rep=41, index=0): None
103.2813 	EXP 	Fixation: autoDraw = False
103.2813 	EXP 	grating: autoDraw = False
103.2813 	EXP 	grating: ori = 0.0
103.2813 	EXP 	Fixation: autoDraw = True
104.2814 	EXP 	Fixation: autoDraw = False
104.2814 	EXP 	grating: autoDraw = True
104.5814 	EXP 	grating: autoDraw = False
105.1524 	EXP 	New trial (rep=42, index=0): None
105.1547 	DATA 	Keypress: up
105.1649 	EXP 	Fixation: autoDraw = False
105.1649 	EXP 	grating: autoDraw = False
105.1649 	EXP 	grating: ori = 0.0
105.1649 	EXP 	Fixation: autoDraw = True
106.1647 	EXP 	Fixation: autoDraw = False
106.1647 	EXP 	grating: autoDraw = True
106.4646 	EXP 	grating: autoDraw = False
107.1349 	EXP 	New trial (rep=43, index=0): None
107.1372 	DATA 	Keypress: down
107.1481 	EXP 	Fixation: autoDraw = False
107.1481 	EXP 	grating: autoDraw = False
107.1481 	EXP 	grating: ori = -5.0
107.1481 	EXP 	Fixation: autoDraw = True
108.1482 	EXP 	Fixation: autoDraw = False
108.1482 	EXP 	grating: autoDraw = True
108.4481 	EXP 	grating: autoDraw = False
109.1001 	DATA 	Keypress: down
109.1182 	EXP 	New trial (rep=44, index=0): None
109.1314 	EXP 	Fixation: autoDraw = False
109.1314 	EXP 	grating: autoDraw = False
109.1314 	EXP 	grating: ori = 4.0
109.1314 	EXP 	Fixation: autoDraw = True
110.1313 	EXP 	Fixation: autoDraw = False
110.1313 	EXP 	grating: autoDraw = True
110.4312 	EXP 	grating: autoDraw = False
111.0349 	EXP 	New trial (rep=45, index=0): None
111.0373 	DATA 	Keypress: down
111.0480 	EXP 	Fixation: autoDraw = False
111.0480 	EXP 	grating: autoDraw = False
111.0480 	EXP 	grating: ori = 1.0
111.0480 	EXP 	Fixation: autoDraw = True
112.0479 	EXP 	Fixation: autoDraw = False
112.0479 	EXP 	grating: autoDraw = True
112.3477 	EXP 	grating: autoDraw = False
112.8182 	EXP 	New trial (rep=46, index=0): None
112.8205 	DATA 	Keypress: up
112.8311 	EXP 	Fixation: autoDraw = False
112.8311 	EXP 	grating: autoDraw = False
112.8311 	EXP 	grating: ori = -5.0
112.8311 	EXP 	Fixation: autoDraw = True
113.8312 	EXP 	Fixation: autoDraw = False
113.8312 	EXP 	grating: autoDraw = True
114.1310 	EXP 	grating: autoDraw = False
114.5019 	EXP 	New trial (rep=47, index=0): None
114.5039 	DATA 	Keypress: down
114.5144 	EXP 	Fixation: autoDraw = False
114.5144 	EXP 	grating: autoDraw = False
114.5144 	EXP 	grating: ori = 0.0
114.5144 	EXP 	Fixation: autoDraw = True
115.5144 	EXP 	Fixation: autoDraw = False
115.5144 	EXP 	grating: autoDraw = True
115.8143 	EXP 	grating: autoDraw = False
116.4826 	EXP 	New trial (rep=48, index=0): None
116.4840 	DATA 	Keypress: up
116.4975 	EXP 	Fixation: autoDraw = False
116.4975 	EXP 	grating: autoDraw = False
116.4975 	EXP 	grating: ori = 0.0
116.4975 	EXP 	Fixation: autoDraw = True
117.4976 	EXP 	Fixation: autoDraw = False
117.4976 	EXP 	grating: autoDraw = True
117.7977 	EXP 	grating: autoDraw = False
118.4352 	EXP 	New trial (rep=49, index=0): None
118.4378 	DATA 	Keypress: up
118.4477 	EXP 	Fixation: autoDraw = False
118.4477 	EXP 	grating: autoDraw = False
118.4477 	EXP 	grating: ori = 0.0
118.4477 	EXP 	Fixation: autoDraw = True
119.4479 	EXP 	Fixation: autoDraw = False
119.4479 	EXP 	grating: autoDraw = True
119.7477 	EXP 	grating: autoDraw = False
120.0190 	EXP 	New trial (rep=50, index=0): None
120.0206 	DATA 	Keypress: down
120.0309 	EXP 	Fixation: autoDraw = False
120.0309 	EXP 	grating: autoDraw = False
120.0309 	EXP 	grating: ori = 0.0
120.0309 	EXP 	Fixation: autoDraw = True
121.0308 	EXP 	Fixation: autoDraw = False
121.0308 	EXP 	grating: autoDraw = True
121.3308 	EXP 	grating: autoDraw = False
121.6511 	EXP 	New trial (rep=51, index=0): None
121.6535 	DATA 	Keypress: up
121.6641 	EXP 	Fixation: autoDraw = False
121.6641 	EXP 	grating: autoDraw = False
121.6641 	EXP 	grating: ori = 0.0
121.6641 	EXP 	Fixation: autoDraw = True
122.6642 	EXP 	Fixation: autoDraw = False
122.6642 	EXP 	grating: autoDraw = True
122.9640 	EXP 	grating: autoDraw = False
123.5989 	EXP 	New trial (rep=52, index=0): None
123.6004 	DATA 	Keypress: up
123.6138 	EXP 	Fixation: autoDraw = False
123.6138 	EXP 	grating: autoDraw = False
123.6138 	EXP 	grating: ori = -2.0
123.6138 	EXP 	Fixation: autoDraw = True
124.6140 	EXP 	Fixation: autoDraw = False
124.6140 	EXP 	grating: autoDraw = True
124.9140 	EXP 	grating: autoDraw = False
125.4165 	DATA 	Keypress: down
125.4352 	EXP 	New trial (rep=53, index=0): None
125.4473 	EXP 	Fixation: autoDraw = False
125.4473 	EXP 	grating: autoDraw = False
125.4473 	EXP 	grating: ori = -4.0
125.4473 	EXP 	Fixation: autoDraw = True
126.4473 	EXP 	Fixation: autoDraw = False
126.4473 	EXP 	grating: autoDraw = True
126.7473 	EXP 	grating: autoDraw = False
127.2009 	EXP 	New trial (rep=54, index=0): None
127.2032 	DATA 	Keypress: down
127.2138 	EXP 	Fixation: autoDraw = False
127.2138 	EXP 	grating: autoDraw = False
127.2138 	EXP 	grating: ori = 0.0
127.2138 	EXP 	Fixation: autoDraw = True
128.2138 	EXP 	Fixation: autoDraw = False
128.2138 	EXP 	grating: autoDraw = True
128.5136 	EXP 	grating: autoDraw = False
129.4496 	EXP 	New trial (rep=55, index=0): None
129.4514 	DATA 	Keypress: down
129.4635 	EXP 	Fixation: autoDraw = False
129.4635 	EXP 	grating: autoDraw = False
129.4635 	EXP 	grating: ori = -5.0
129.4635 	EXP 	Fixation: autoDraw = True
130.4636 	EXP 	Fixation: autoDraw = False
130.4636 	EXP 	grating: autoDraw = True
130.7636 	EXP 	grating: autoDraw = False
131.2508 	EXP 	New trial (rep=56, index=0): None
131.2529 	DATA 	Keypress: down
131.2637 	EXP 	Fixation: autoDraw = False
131.2637 	EXP 	grating: autoDraw = False
131.2637 	EXP 	grating: ori = -5.0
131.2637 	EXP 	Fixation: autoDraw = True
132.2637 	EXP 	Fixation: autoDraw = False
132.2637 	EXP 	grating: autoDraw = True
132.5636 	EXP 	grating: autoDraw = False
133.0492 	EXP 	New trial (rep=57, index=0): None
133.0506 	DATA 	Keypress: down
133.0635 	EXP 	Fixation: autoDraw = False
133.0635 	EXP 	grating: autoDraw = False
133.0635 	EXP 	grating: ori = 0.0
133.0635 	EXP 	Fixation: autoDraw = True
134.0636 	EXP 	Fixation: autoDraw = False
134.0636 	EXP 	grating: autoDraw = True
134.3634 	EXP 	grating: autoDraw = False
134.9319 	EXP 	New trial (rep=58, index=0): None
134.9331 	DATA 	Keypress: up
134.9465 	EXP 	Fixation: autoDraw = False
134.9465 	EXP 	grating: autoDraw = False
134.9465 	EXP 	grating: ori = 0.0
134.9465 	EXP 	Fixation: autoDraw = True
135.9470 	EXP 	Fixation: autoDraw = False
135.9470 	EXP 	grating: autoDraw = True
136.2469 	EXP 	grating: autoDraw = False
136.7842 	EXP 	New trial (rep=59, index=0): None
136.7862 	DATA 	Keypress: up
136.7969 	EXP 	Fixation: autoDraw = False
136.7969 	EXP 	grating: autoDraw = False
136.7969 	EXP 	grating: ori = 0.0
136.7969 	EXP 	Fixation: autoDraw = True
137.7966 	EXP 	Fixation: autoDraw = False
137.7966 	EXP 	grating: autoDraw = True
138.0965 	EXP 	grating: autoDraw = False
138.4490 	EXP 	New trial (rep=60, index=0): None
138.4504 	DATA 	Keypress: up
138.4633 	EXP 	Fixation: autoDraw = False
138.4633 	EXP 	grating: autoDraw = False
138.4633 	EXP 	grating: ori = 4.0
138.4633 	EXP 	Fixation: autoDraw = True
139.4632 	EXP 	Fixation: autoDraw = False
139.4632 	EXP 	grating: autoDraw = True
139.7631 	EXP 	grating: autoDraw = False
140.2317 	EXP 	New trial (rep=61, index=0): None
140.2331 	DATA 	Keypress: down
140.2465 	EXP 	Fixation: autoDraw = False
140.2465 	EXP 	grating: autoDraw = False
140.2465 	EXP 	grating: ori = 0.0
140.2465 	EXP 	Fixation: autoDraw = True
141.2465 	EXP 	Fixation: autoDraw = False
141.2465 	EXP 	grating: autoDraw = True
141.5467 	EXP 	grating: autoDraw = False
142.0156 	EXP 	New trial (rep=62, index=0): None
142.0173 	DATA 	Keypress: up
142.0298 	EXP 	Fixation: autoDraw = False
142.0298 	EXP 	grating: autoDraw = False
142.0298 	EXP 	grating: ori = -4.0
142.0298 	EXP 	Fixation: autoDraw = True
143.0300 	EXP 	Fixation: autoDraw = False
143.0300 	EXP 	grating: autoDraw = True
143.3300 	EXP 	grating: autoDraw = False
143.9005 	EXP 	New trial (rep=63, index=0): None
143.9024 	DATA 	Keypress: down
143.9132 	EXP 	Fixation: autoDraw = False
143.9132 	EXP 	grating: autoDraw = False
143.9132 	EXP 	grating: ori = 1.0
143.9132 	EXP 	Fixation: autoDraw = True
144.9133 	EXP 	Fixation: autoDraw = False
144.9133 	EXP 	grating: autoDraw = True
145.2132 	EXP 	grating: autoDraw = False
145.6851 	EXP 	New trial (rep=64, index=0): None
145.6877 	DATA 	Keypress: up
145.6967 	EXP 	Fixation: autoDraw = False
145.6967 	EXP 	grating: autoDraw = False
145.6967 	EXP 	grating: ori = -2.0
145.6967 	EXP 	Fixation: autoDraw = True
146.6966 	EXP 	Fixation: autoDraw = False
146.6966 	EXP 	grating: autoDraw = True
146.9965 	EXP 	grating: autoDraw = False
147.3821 	EXP 	New trial (rep=65, index=0): None
147.3835 	DATA 	Keypress: down
147.3963 	EXP 	Fixation: autoDraw = False
147.3963 	EXP 	grating: autoDraw = False
147.3963 	EXP 	grating: ori = -3.0
147.3963 	EXP 	Fixation: autoDraw = True
148.3965 	EXP 	Fixation: autoDraw = False
148.3965 	EXP 	grating: autoDraw = True
148.6964 	EXP 	grating: autoDraw = False
149.3500 	EXP 	New trial (rep=66, index=0): None
149.3520 	DATA 	Keypress: down
149.3630 	EXP 	Fixation: autoDraw = False
149.3630 	EXP 	grating: autoDraw = False
149.3630 	EXP 	grating: ori = 1.0
149.3630 	EXP 	Fixation: autoDraw = True
150.3630 	EXP 	Fixation: autoDraw = False
150.3630 	EXP 	grating: autoDraw = True
150.6628 	EXP 	grating: autoDraw = False
151.3336 	EXP 	New trial (rep=67, index=0): None
151.3355 	DATA 	Keypress: up
151.3463 	EXP 	Fixation: autoDraw = False
151.3463 	EXP 	grating: autoDraw = False
151.3463 	EXP 	grating: ori = 0.0
151.3463 	EXP 	Fixation: autoDraw = True
152.3463 	EXP 	Fixation: autoDraw = False
152.3463 	EXP 	grating: autoDraw = True
152.6466 	EXP 	grating: autoDraw = False
153.3835 	EXP 	New trial (rep=68, index=0): None
153.3859 	DATA 	Keypress: down
153.3962 	EXP 	Fixation: autoDraw = False
153.3962 	EXP 	grating: autoDraw = False
153.3962 	EXP 	grating: ori = 0.0
153.3962 	EXP 	Fixation: autoDraw = True
154.3964 	EXP 	Fixation: autoDraw = False
154.3964 	EXP 	grating: autoDraw = True
154.6962 	EXP 	grating: autoDraw = False
155.4005 	EXP 	New trial (rep=69, index=0): None
155.4030 	DATA 	Keypress: down
155.4129 	EXP 	Fixation: autoDraw = False
155.4129 	EXP 	grating: autoDraw = False
155.4129 	EXP 	grating: ori = 0.0
155.4129 	EXP 	Fixation: autoDraw = True
156.4129 	EXP 	Fixation: autoDraw = False
156.4129 	EXP 	grating: autoDraw = True
156.7129 	EXP 	grating: autoDraw = False
157.0667 	EXP 	New trial (rep=70, index=0): None
157.0684 	DATA 	Keypress: up
157.0795 	EXP 	Fixation: autoDraw = False
157.0795 	EXP 	grating: autoDraw = False
157.0795 	EXP 	grating: ori = 0.0
157.0795 	EXP 	Fixation: autoDraw = True
158.0795 	EXP 	Fixation: autoDraw = False
158.0795 	EXP 	grating: autoDraw = True
158.3794 	EXP 	grating: autoDraw = False
158.8996 	EXP 	New trial (rep=71, index=0): None
158.9020 	DATA 	Keypress: up
158.9128 	EXP 	Fixation: autoDraw = False
158.9128 	EXP 	grating: autoDraw = False
158.9128 	EXP 	grating: ori = 2.0
158.9128 	EXP 	Fixation: autoDraw = True
159.9129 	EXP 	Fixation: autoDraw = False
159.9129 	EXP 	grating: autoDraw = True
160.2126 	EXP 	grating: autoDraw = False
160.5834 	EXP 	New trial (rep=72, index=0): None
160.5857 	DATA 	Keypress: down
160.5960 	EXP 	Fixation: autoDraw = False
160.5960 	EXP 	grating: autoDraw = False
160.5960 	EXP 	grating: ori = 0.0
160.5960 	EXP 	Fixation: autoDraw = True
161.5961 	EXP 	Fixation: autoDraw = False
161.5961 	EXP 	grating: autoDraw = True
161.8960 	EXP 	grating: autoDraw = False
162.4835 	EXP 	New trial (rep=73, index=0): None
162.4854 	DATA 	Keypress: up
162.4959 	EXP 	Fixation: autoDraw = False
162.4959 	EXP 	grating: autoDraw = False
162.4959 	EXP 	grating: ori = 0.0
162.4959 	EXP 	Fixation: autoDraw = True
163.4961 	EXP 	Fixation: autoDraw = False
163.4961 	EXP 	grating: autoDraw = True
163.7958 	EXP 	grating: autoDraw = False
164.2482 	DATA 	Keypress: up
164.2665 	EXP 	New trial (rep=74, index=0): None
164.2793 	EXP 	Fixation: autoDraw = False
164.2793 	EXP 	grating: autoDraw = False
164.2793 	EXP 	grating: ori = -2.0
164.2793 	EXP 	Fixation: autoDraw = True
165.2792 	EXP 	Fixation: autoDraw = False
165.2792 	EXP 	grating: autoDraw = True
165.5792 	EXP 	grating: autoDraw = False
165.9835 	EXP 	New trial (rep=75, index=0): None
165.9853 	DATA 	Keypress: down
165.9958 	EXP 	Fixation: autoDraw = False
165.9958 	EXP 	grating: autoDraw = False
165.9958 	EXP 	grating: ori = 0.0
165.9958 	EXP 	Fixation: autoDraw = True
166.9957 	EXP 	Fixation: autoDraw = False
166.9957 	EXP 	grating: autoDraw = True
167.2958 	EXP 	grating: autoDraw = False
167.9498 	EXP 	New trial (rep=76, index=0): None
167.9517 	DATA 	Keypress: down
167.9623 	EXP 	Fixation: autoDraw = False
167.9623 	EXP 	grating: autoDraw = False
167.9623 	EXP 	grating: ori = 0.0
167.9623 	EXP 	Fixation: autoDraw = True
168.9625 	EXP 	Fixation: autoDraw = False
168.9625 	EXP 	grating: autoDraw = True
169.2624 	EXP 	grating: autoDraw = False
169.8830 	EXP 	New trial (rep=77, index=0): None
169.8853 	DATA 	Keypress: down
169.8958 	EXP 	Fixation: autoDraw = False
169.8958 	EXP 	grating: autoDraw = False
169.8958 	EXP 	grating: ori = -2.0
169.8958 	EXP 	Fixation: autoDraw = True
170.8957 	EXP 	Fixation: autoDraw = False
170.8957 	EXP 	grating: autoDraw = True
171.1956 	EXP 	grating: autoDraw = False
171.5818 	DATA 	Keypress: down
171.6002 	EXP 	New trial (rep=78, index=0): None
171.6124 	EXP 	Fixation: autoDraw = False
171.6124 	EXP 	grating: autoDraw = False
171.6124 	EXP 	grating: ori = 4.0
171.6124 	EXP 	Fixation: autoDraw = True
172.6122 	EXP 	Fixation: autoDraw = False
172.6122 	EXP 	grating: autoDraw = True
172.9123 	EXP 	grating: autoDraw = False
173.3147 	EXP 	New trial (rep=79, index=0): None
173.3162 	DATA 	Keypress: down
173.3287 	EXP 	Fixation: autoDraw = False
173.3287 	EXP 	grating: autoDraw = False
173.3287 	EXP 	grating: ori = 4.0
173.3287 	EXP 	Fixation: autoDraw = True
174.3289 	EXP 	Fixation: autoDraw = False
174.3289 	EXP 	grating: autoDraw = True
174.6288 	EXP 	grating: autoDraw = False
175.0660 	EXP 	New trial (rep=80, index=0): None
175.0686 	DATA 	Keypress: down
175.0790 	EXP 	Fixation: autoDraw = False
175.0790 	EXP 	grating: autoDraw = False
175.0790 	EXP 	grating: ori = 0.0
175.0790 	EXP 	Fixation: autoDraw = True
176.0789 	EXP 	Fixation: autoDraw = False
176.0789 	EXP 	grating: autoDraw = True
176.3788 	EXP 	grating: autoDraw = False
176.9493 	EXP 	New trial (rep=81, index=0): None
176.9518 	DATA 	Keypress: up
176.9622 	EXP 	Fixation: autoDraw = False
176.9622 	EXP 	grating: autoDraw = False
176.9622 	EXP 	grating: ori = -3.0
176.9622 	EXP 	Fixation: autoDraw = True
177.9620 	EXP 	Fixation: autoDraw = False
177.9620 	EXP 	grating: autoDraw = True
178.2621 	EXP 	grating: autoDraw = False
178.6154 	EXP 	New trial (rep=82, index=0): None
178.6178 	DATA 	Keypress: down
178.6286 	EXP 	Fixation: autoDraw = False
178.6286 	EXP 	grating: autoDraw = False
178.6286 	EXP 	grating: ori = 0.0
178.6286 	EXP 	Fixation: autoDraw = True
179.6287 	EXP 	Fixation: autoDraw = False
179.6287 	EXP 	grating: autoDraw = True
179.9285 	EXP 	grating: autoDraw = False
180.3661 	EXP 	New trial (rep=83, index=0): None
180.3687 	DATA 	Keypress: up
180.3786 	EXP 	Fixation: autoDraw = False
180.3786 	EXP 	grating: autoDraw = False
180.3786 	EXP 	grating: ori = 2.0
180.3786 	EXP 	Fixation: autoDraw = True
181.3788 	EXP 	Fixation: autoDraw = False
181.3788 	EXP 	grating: autoDraw = True
181.6785 	EXP 	grating: autoDraw = False
182.1324 	EXP 	New trial (rep=84, index=0): None
182.1346 	DATA 	Keypress: up
182.1452 	EXP 	Fixation: autoDraw = False
182.1452 	EXP 	grating: autoDraw = False
182.1452 	EXP 	grating: ori = 0.0
182.1452 	EXP 	Fixation: autoDraw = True
183.1453 	EXP 	Fixation: autoDraw = False
183.1453 	EXP 	grating: autoDraw = True
183.4450 	EXP 	grating: autoDraw = False
183.8163 	EXP 	New trial (rep=85, index=0): None
183.8189 	DATA 	Keypress: down
183.8284 	EXP 	Fixation: autoDraw = False
183.8284 	EXP 	grating: autoDraw = False
183.8284 	EXP 	grating: ori = 0.0
183.8284 	EXP 	Fixation: autoDraw = True
184.8287 	EXP 	Fixation: autoDraw = False
184.8287 	EXP 	grating: autoDraw = True
185.1284 	EXP 	grating: autoDraw = False
185.7989 	EXP 	New trial (rep=86, index=0): None
185.8007 	DATA 	Keypress: up
185.8116 	EXP 	Fixation: autoDraw = False
185.8116 	EXP 	grating: autoDraw = False
185.8116 	EXP 	grating: ori = 0.0
185.8116 	EXP 	Fixation: autoDraw = True
186.8117 	EXP 	Fixation: autoDraw = False
186.8117 	EXP 	grating: autoDraw = True
187.1117 	EXP 	grating: autoDraw = False
187.5984 	EXP 	New trial (rep=87, index=0): None
187.6007 	DATA 	Keypress: down
187.6117 	EXP 	Fixation: autoDraw = False
187.6117 	EXP 	grating: autoDraw = False
187.6117 	EXP 	grating: ori = -5.0
187.6117 	EXP 	Fixation: autoDraw = True
188.6116 	EXP 	Fixation: autoDraw = False
188.6116 	EXP 	grating: autoDraw = True
188.9116 	EXP 	grating: autoDraw = False
189.7150 	EXP 	New trial (rep=88, index=0): None
189.7169 	DATA 	Keypress: down
189.7282 	EXP 	Fixation: autoDraw = False
189.7282 	EXP 	grating: autoDraw = False
189.7282 	EXP 	grating: ori = -4.0
189.7282 	EXP 	Fixation: autoDraw = True
190.7283 	EXP 	Fixation: autoDraw = False
190.7283 	EXP 	grating: autoDraw = True
191.0282 	EXP 	grating: autoDraw = False
191.3822 	EXP 	New trial (rep=89, index=0): None
191.3843 	DATA 	Keypress: down
191.3948 	EXP 	Fixation: autoDraw = False
191.3948 	EXP 	grating: autoDraw = False
191.3948 	EXP 	grating: ori = 0.0
191.3948 	EXP 	Fixation: autoDraw = True
192.3949 	EXP 	Fixation: autoDraw = False
192.3949 	EXP 	grating: autoDraw = True
192.6950 	EXP 	grating: autoDraw = False
193.1985 	EXP 	New trial (rep=90, index=0): None
193.2014 	DATA 	Keypress: up
193.2114 	EXP 	Fixation: autoDraw = False
193.2114 	EXP 	grating: autoDraw = False
193.2114 	EXP 	grating: ori = 2.0
193.2114 	EXP 	Fixation: autoDraw = True
194.2114 	EXP 	Fixation: autoDraw = False
194.2114 	EXP 	grating: autoDraw = True
194.5115 	EXP 	grating: autoDraw = False
195.0484 	EXP 	New trial (rep=91, index=0): None
195.0510 	DATA 	Keypress: down
195.0614 	EXP 	Fixation: autoDraw = False
195.0614 	EXP 	grating: autoDraw = False
195.0614 	EXP 	grating: ori = 0.0
195.0614 	EXP 	Fixation: autoDraw = True
196.0614 	EXP 	Fixation: autoDraw = False
196.0614 	EXP 	grating: autoDraw = True
196.3614 	EXP 	grating: autoDraw = False
196.8149 	EXP 	New trial (rep=92, index=0): None
196.8168 	DATA 	Keypress: up
196.8281 	EXP 	Fixation: autoDraw = False
196.8281 	EXP 	grating: autoDraw = False
196.8281 	EXP 	grating: ori = -4.0
196.8281 	EXP 	Fixation: autoDraw = True
197.8280 	EXP 	Fixation: autoDraw = False
197.8280 	EXP 	grating: autoDraw = True
198.1279 	EXP 	grating: autoDraw = False
198.4485 	EXP 	New trial (rep=93, index=0): None
198.4510 	DATA 	Keypress: down
198.4613 	EXP 	Fixation: autoDraw = False
198.4613 	EXP 	grating: autoDraw = False
198.4613 	EXP 	grating: ori = 0.0
198.4613 	EXP 	Fixation: autoDraw = True
199.4613 	EXP 	Fixation: autoDraw = False
199.4613 	EXP 	grating: autoDraw = True
199.7612 	EXP 	grating: autoDraw = False
200.3490 	EXP 	New trial (rep=94, index=0): None
200.3509 	DATA 	Keypress: down
200.3611 	EXP 	Fixation: autoDraw = False
200.3611 	EXP 	grating: autoDraw = False
200.3611 	EXP 	grating: ori = 4.0
200.3611 	EXP 	Fixation: autoDraw = True
201.3613 	EXP 	Fixation: autoDraw = False
201.3613 	EXP 	grating: autoDraw = True
201.6611 	EXP 	grating: autoDraw = False
202.0824 	EXP 	New trial (rep=95, index=0): None
202.0848 	DATA 	Keypress: down
202.0943 	EXP 	Fixation: autoDraw = False
202.0943 	EXP 	grating: autoDraw = False
202.0943 	EXP 	grating: ori = -2.0
202.0943 	EXP 	Fixation: autoDraw = True
203.0945 	EXP 	Fixation: autoDraw = False
203.0945 	EXP 	grating: autoDraw = True
203.3944 	EXP 	grating: autoDraw = False
203.9154 	EXP 	New trial (rep=96, index=0): None
203.9173 	DATA 	Keypress: down
203.9276 	EXP 	Fixation: autoDraw = False
203.9276 	EXP 	grating: autoDraw = False
203.9276 	EXP 	grating: ori = 0.0
203.9276 	EXP 	Fixation: autoDraw = True
204.9277 	EXP 	Fixation: autoDraw = False
204.9277 	EXP 	grating: autoDraw = True
205.2276 	EXP 	grating: autoDraw = False
205.8469 	EXP 	New trial (rep=97, index=0): None
205.8485 	DATA 	Keypress: up
205.8608 	EXP 	Fixation: autoDraw = False
205.8608 	EXP 	grating: autoDraw = False
205.8608 	EXP 	grating: ori = 0.0
205.8608 	EXP 	Fixation: autoDraw = True
206.8610 	EXP 	Fixation: autoDraw = False
206.8610 	EXP 	grating: autoDraw = True
207.1610 	EXP 	grating: autoDraw = False
207.5652 	EXP 	New trial (rep=98, index=0): None
207.5678 	DATA 	Keypress: down
207.5777 	EXP 	Fixation: autoDraw = False
207.5777 	EXP 	grating: autoDraw = False
207.5777 	EXP 	grating: ori = 4.0
207.5777 	EXP 	Fixation: autoDraw = True
208.5776 	EXP 	Fixation: autoDraw = False
208.5776 	EXP 	grating: autoDraw = True
208.8775 	EXP 	grating: autoDraw = False
209.3319 	EXP 	New trial (rep=99, index=0): None
209.3338 	DATA 	Keypress: down
209.3443 	EXP 	Fixation: autoDraw = False
209.3443 	EXP 	grating: autoDraw = False
209.3443 	EXP 	grating: ori = -3.0
209.3443 	EXP 	Fixation: autoDraw = True
210.3441 	EXP 	Fixation: autoDraw = False
210.3441 	EXP 	grating: autoDraw = True
210.6441 	EXP 	grating: autoDraw = False
211.0976 	DATA 	Keypress: down
211.1108 	EXP 	Fixation: autoDraw = False
211.1108 	EXP 	grating: autoDraw = False
211.2935 	EXP 	window1: mouseVisible = True
